
OBLIQUITY: 45.00 degrees


**LATITUDE GRID DATA**
          x      dx    latitude(rad)  latitude(deg)
    0  -1.000   0.001     -1.571        -90.0
    1  -0.999   0.008     -1.527        -87.5
    2  -0.991   0.015     -1.440        -82.5
    3  -0.976   0.023     -1.353        -77.5
    4  -0.954   0.030     -1.265        -72.5
    5  -0.924   0.037     -1.178        -67.5
    6  -0.887   0.044     -1.091        -62.5
    7  -0.843   0.050     -1.004        -57.5
    8  -0.793   0.056     -0.916        -52.5
    9  -0.737   0.062     -0.829        -47.5
   10  -0.676   0.067     -0.742        -42.5
   11  -0.609   0.071     -0.654        -37.5
   12  -0.537   0.076     -0.567        -32.5
   13  -0.462   0.079     -0.480        -27.5
   14  -0.383   0.082     -0.393        -22.5
   15  -0.301   0.084     -0.305        -17.5
   16  -0.216   0.086     -0.218        -12.5
   17  -0.131   0.087     -0.131         -7.5
   18  -0.044   0.087     -0.044         -2.5
   19   0.044   0.087      0.044          2.5
   20   0.131   0.086      0.131          7.5
   21   0.216   0.084      0.218         12.5
   22   0.301   0.082      0.305         17.5
   23   0.383   0.079      0.393         22.5
   24   0.462   0.076      0.480         27.5
   25   0.537   0.071      0.567         32.5
   26   0.609   0.067      0.654         37.5
   27   0.676   0.062      0.742         42.5
   28   0.737   0.056      0.829         47.5
   29   0.793   0.050      0.916         52.5
   30   0.843   0.044      1.004         57.5
   31   0.887   0.037      1.091         62.5
   32   0.924   0.030      1.178         67.5
   33   0.954   0.023      1.265         72.5
   34   0.976   0.015      1.353         77.5
   35   0.991   0.008      1.440         82.5
   36   0.999   0.001      1.527         87.5
   37   1.000   0.000      1.571         90.0

SUMMARY
   planet average temperature = 287.494 Kelvin
   planet average albedo =   0.295
   planet average insolation = 340.039 Watts/m^2
   planet average outgoing infrared = 239.791 Watts/m^2
   seasonal-average weathering rate =  1.99072E+14 g/year
   co2 partial pressure =  3.29984E-04 bars
   surface water vapor % (by volume) =   1.342
   total surface pressure =  1.01394E+00 bars
   thermal diffusion coefficient (D) =  6.27300E-01 Watts/m^2 K
   convergence to final temperature profile in  2.84057E+08 seconds
   calculation completed after  10 orbits

ZONAL STATISTICS
 latitude(deg)  ave temp(K)  min temp(K)  @dec(deg)  max temp(K)  @dec(deg)  seas.amp(K)

OUTPUT FILES
    -88.          281.491      260.312       2.68      309.812     -39.57       24.750
    -82.          281.589      261.110       2.82      308.623     -38.99       23.756
    -77.          281.881      263.348       1.65      305.439     -36.49       21.046
    -72.          282.335      266.467      -2.02      301.310     -31.19       17.421
    -68.          282.903      269.828      -6.58      297.400     -23.37       13.786
    -62.          283.511      272.857      -8.03      294.703     -13.87       10.923
    -58.          284.133      275.189      -7.90      293.206      -7.89        9.009
    -52.          284.812      277.083      -5.34      292.550      -4.80        7.734
    -47.          285.565      278.631      -2.16      292.487      -3.39        6.928
    -43.          286.388      279.960       1.23      292.788      -2.55        6.414
    -37.          287.240      281.171       4.89      293.253      -1.77        6.041
    -32.          288.076      282.337       8.64      293.715      -1.14        5.689
    -28.          288.866      283.536      12.02      294.043       0.05        5.253
    -23.          289.582      284.799      14.74      294.157       0.05        4.679
    -18.          290.192      286.101      17.10      294.044       6.44        3.971
    -13.          290.664      287.372      19.74      293.725      10.58        3.176
     -7.          290.969      288.524      23.61      293.169      15.04        2.323
     -2.          291.100      289.514      28.52      292.358      21.12        1.422
      2.          291.049      290.158     -25.09      292.285     -29.77        1.064
      7.          290.764      288.644     -18.89      293.007     -20.91        2.182
     12.          290.279      286.606     -17.01      293.802     -12.70        3.598
     17.          289.611      284.167     -18.09      294.619      -4.72        5.226
     23.          288.797      281.544     -20.49      295.416       3.03        6.936
     28.          287.934      279.141     -19.36      296.043       6.46        8.451
     32.          287.052      277.066     -16.12      296.391       7.96        9.662
     38.          286.164      275.287     -13.31      296.487      10.00       10.600
     42.          285.328      273.874     -10.40      296.369      11.28       11.248
     47.          284.596      272.881      -7.40      296.088      12.08       11.603
     52.          283.994      272.068      -3.46      295.734      13.08       11.833
     58.          283.516      271.390       0.07      295.403      14.81       12.006
     63.          283.158      270.890       3.30      295.143      16.77       12.126
     68.          282.911      270.548       6.64      294.957      18.20       12.205
     72.          282.756      270.312       9.61      294.854      19.29       12.271
     78.          282.667      270.133      11.60      294.787      18.78       12.327
     82.          282.621      270.012      11.74      294.753      18.52       12.371
     88.          282.609      269.981      11.87      294.742      18.39       12.381

ICE LINES (Tave = 263K)
   planet is ice-free.

CO2 CONDENSATION
  planet average co2 ice cloud coverage = 0.000
  atmospheric CO2 % loss to surface =  0.00

GEOGRAPHIC DATA
planet ocean fraction: 0.7
coast latitude:   0.0
geography: 1
number of belts: 36
  latitude of belt center  belt ocean fraction
           -87.5                   0.000
           -82.5                   0.000
           -77.5                   0.107
           -72.5                   0.386
           -67.5                   0.795
           -62.5                   0.997
           -57.5                   0.999
           -52.5                   0.985
           -47.5                   0.975
           -42.5                   0.964
           -37.5                   0.934
           -32.5                   0.842
           -27.5                   0.784
           -22.5                   0.754
           -17.5                   0.764
           -12.5                   0.796
            -7.5                   0.769
            -2.5                   0.759
             2.5                   1.000
             7.5                   0.852
            12.5                   0.771
            17.5                   0.655
            22.5                   0.287
            27.5                   0.312
            32.5                   0.450
            37.5                   0.407
            42.5                   0.438
            47.5                   0.512
            52.5                   0.568
            57.5                   0.577
            62.5                   0.596
            67.5                   0.652
            72.5                   0.708
            77.5                   0.765
            82.5                   0.757
            87.5                   0.786
