
OBLIQUITY: 23.50 degrees


**LATITUDE GRID DATA**
          x      dx    latitude(rad)  latitude(deg)
    0  -1.000   0.001     -1.571        -90.0
    1  -0.999   0.008     -1.527        -87.5
    2  -0.991   0.015     -1.440        -82.5
    3  -0.976   0.023     -1.353        -77.5
    4  -0.954   0.030     -1.265        -72.5
    5  -0.924   0.037     -1.178        -67.5
    6  -0.887   0.044     -1.091        -62.5
    7  -0.843   0.050     -1.004        -57.5
    8  -0.793   0.056     -0.916        -52.5
    9  -0.737   0.062     -0.829        -47.5
   10  -0.676   0.067     -0.742        -42.5
   11  -0.609   0.071     -0.654        -37.5
   12  -0.537   0.076     -0.567        -32.5
   13  -0.462   0.079     -0.480        -27.5
   14  -0.383   0.082     -0.393        -22.5
   15  -0.301   0.084     -0.305        -17.5
   16  -0.216   0.086     -0.218        -12.5
   17  -0.131   0.087     -0.131         -7.5
   18  -0.044   0.087     -0.044         -2.5
   19   0.044   0.087      0.044          2.5
   20   0.131   0.086      0.131          7.5
   21   0.216   0.084      0.218         12.5
   22   0.301   0.082      0.305         17.5
   23   0.383   0.079      0.393         22.5
   24   0.462   0.076      0.480         27.5
   25   0.537   0.071      0.567         32.5
   26   0.609   0.067      0.654         37.5
   27   0.676   0.062      0.742         42.5
   28   0.737   0.056      0.829         47.5
   29   0.793   0.050      0.916         52.5
   30   0.843   0.044      1.004         57.5
   31   0.887   0.037      1.091         62.5
   32   0.924   0.030      1.178         67.5
   33   0.954   0.023      1.265         72.5
   34   0.976   0.015      1.353         77.5
   35   0.991   0.008      1.440         82.5
   36   0.999   0.001      1.527         87.5
   37   1.000   0.000      1.571         90.0

SUMMARY
   planet average temperature = 284.369 Kelvin
   planet average albedo =   0.306
   planet average insolation = 339.995 Watts/m^2
   planet average outgoing infrared = 235.990 Watts/m^2
   seasonal-average weathering rate =  1.91624E+14 g/year
   co2 partial pressure =  3.29984E-04 bars
   surface water vapor % (by volume) =   1.268
   total surface pressure =  1.01318E+00 bars
   thermal diffusion coefficient (D) =  5.51248E-01 Watts/m^2 K
   convergence to final temperature profile in  2.52495E+08 seconds
   calculation completed after   9 orbits

ZONAL STATISTICS
 latitude(deg)  ave temp(K)  min temp(K)  @dec(deg)  max temp(K)  @dec(deg)  seas.amp(K)

OUTPUT FILES
    -88.          258.838      245.243       4.37      275.383     -20.46       15.070
    -82.          259.215      245.966       4.48      274.965     -19.89       14.500
    -77.          260.318      248.068       3.98      273.977     -17.90       12.954
    -72.          262.094      251.296       2.41      273.153     -14.94       10.929
    -68.          264.540      255.410      -0.32      273.365      -6.66        8.978
    -62.          267.712      260.272      -3.59      274.678      -1.28        7.203
    -58.          271.438      265.737      -6.89      276.924       0.03        5.593
    -52.          275.279      270.897      -4.25      279.767       0.03        4.435
    -47.          278.848      274.897      -0.55      282.909      -0.41        4.006
    -43.          282.208      278.429       1.63      286.045      -1.12        3.808
    -37.          285.312      281.668       2.95      288.984      -1.52        3.658
    -32.          288.120      284.648       4.14      291.603      -1.64        3.477
    -28.          290.611      287.390       5.24      293.824      -1.36        3.217
    -23.          292.749      289.880       6.03      295.592      -0.52        2.856
    -18.          294.501      292.085       6.59      296.886       0.03        2.401
    -13.          295.825      293.926       7.45      297.683       0.03        1.878
     -7.          296.686      295.334       9.33      297.978       4.94        1.322
     -2.          297.065      296.273      12.50      297.768       8.23        0.747
      2.          296.952      296.690      18.13      297.301     -17.02        0.306
      7.          296.293      295.355      -7.99      297.254      -9.54        0.949
     12.          295.118      293.275      -7.12      296.874      -4.21        1.800
     17.          293.443      290.568      -8.37      296.118       0.27        2.775
     23.          291.306      287.376     -10.27      294.966       4.25        3.795
     28.          288.813      283.986      -9.86      293.367       5.43        4.691
     32.          285.986      280.468      -8.18      291.273       5.28        5.403
     38.          282.822      276.782      -6.85      288.714       5.35        5.966
     42.          279.356      272.925      -4.24      285.743       4.94        6.409
     47.          275.579      268.213       0.03      282.433       4.10        7.110
     52.          271.424      262.420       0.03      278.889       3.45        8.235
     58.          266.979      256.812       0.03      275.243       2.95        9.216
     63.          262.747      251.768       0.03      271.627       2.91        9.929
     68.          258.926      247.374      -1.24      267.968       3.10       10.297
     72.          255.758      243.729      -1.71      264.748       5.16       10.510
     78.          253.389      240.956      -1.67      262.481      10.25       10.763
     82.          251.926      239.161      -1.56      261.343      12.92       11.091
     88.          251.427      238.520      -1.52      260.984      13.28       11.232

ICE LINES (Tave = 263K)
  ice-line latitude = -70.3 degrees.
  ice-line latitude =  62.0 degrees.

CO2 CONDENSATION
  planet average co2 ice cloud coverage = 0.000
  atmospheric CO2 % loss to surface =  0.00

GEOGRAPHIC DATA
planet ocean fraction: 0.7
coast latitude:   0.0
geography: 1
number of belts: 36
  latitude of belt center  belt ocean fraction
           -87.5                   0.000
           -82.5                   0.000
           -77.5                   0.107
           -72.5                   0.386
           -67.5                   0.795
           -62.5                   0.997
           -57.5                   0.999
           -52.5                   0.985
           -47.5                   0.975
           -42.5                   0.964
           -37.5                   0.934
           -32.5                   0.842
           -27.5                   0.784
           -22.5                   0.754
           -17.5                   0.764
           -12.5                   0.796
            -7.5                   0.769
            -2.5                   0.759
             2.5                   1.000
             7.5                   0.852
            12.5                   0.771
            17.5                   0.655
            22.5                   0.287
            27.5                   0.312
            32.5                   0.450
            37.5                   0.407
            42.5                   0.438
            47.5                   0.512
            52.5                   0.568
            57.5                   0.577
            62.5                   0.596
            67.5                   0.652
            72.5                   0.708
            77.5                   0.765
            82.5                   0.757
            87.5                   0.786
