
OBLIQUITY: 23.50 degrees


**LATITUDE GRID DATA**
          x      dx    latitude(rad)  latitude(deg)
    0  -1.000   0.001     -1.571        -90.0
    1  -0.999   0.008     -1.527        -87.5
    2  -0.991   0.015     -1.440        -82.5
    3  -0.976   0.023     -1.353        -77.5
    4  -0.954   0.030     -1.265        -72.5
    5  -0.924   0.037     -1.178        -67.5
    6  -0.887   0.044     -1.091        -62.5
    7  -0.843   0.050     -1.004        -57.5
    8  -0.793   0.056     -0.916        -52.5
    9  -0.737   0.062     -0.829        -47.5
   10  -0.676   0.067     -0.742        -42.5
   11  -0.609   0.071     -0.654        -37.5
   12  -0.537   0.076     -0.567        -32.5
   13  -0.462   0.079     -0.480        -27.5
   14  -0.383   0.082     -0.393        -22.5
   15  -0.301   0.084     -0.305        -17.5
   16  -0.216   0.086     -0.218        -12.5
   17  -0.131   0.087     -0.131         -7.5
   18  -0.044   0.087     -0.044         -2.5
   19   0.044   0.087      0.044          2.5
   20   0.131   0.086      0.131          7.5
   21   0.216   0.084      0.218         12.5
   22   0.301   0.082      0.305         17.5
   23   0.383   0.079      0.393         22.5
   24   0.462   0.076      0.480         27.5
   25   0.537   0.071      0.567         32.5
   26   0.609   0.067      0.654         37.5
   27   0.676   0.062      0.742         42.5
   28   0.737   0.056      0.829         47.5
   29   0.793   0.050      0.916         52.5
   30   0.843   0.044      1.004         57.5
   31   0.887   0.037      1.091         62.5
   32   0.924   0.030      1.178         67.5
   33   0.954   0.023      1.265         72.5
   34   0.976   0.015      1.353         77.5
   35   0.991   0.008      1.440         82.5
   36   0.999   0.001      1.527         87.5
   37   1.000   0.000      1.571         90.0

SUMMARY
   planet average temperature = 241.953 Kelvin
   planet average albedo =   0.583
   planet average insolation = 319.545 Watts/m^2
   planet average outgoing infrared = 133.378 Watts/m^2
   seasonal-average weathering rate =  1.94826E-19 g/year
   co2 partial pressure =  9.76439E-02 bars
   surface water vapor % (by volume) =   0.000
   total surface pressure =  1.09768E+00 bars
   thermal diffusion coefficient (D) =  7.78632E-02 Watts/m^2 K
   convergence to final temperature profile in  1.57810E+08 seconds
   calculation completed after   6 orbits

ZONAL STATISTICS
 latitude(deg)  ave temp(K)  min temp(K)  @dec(deg)  max temp(K)  @dec(deg)  seas.amp(K)

OUTPUT FILES
    -88.          207.745      165.509       5.69      256.940     -21.43       45.715
    -82.          208.333      166.696       5.81      256.227     -21.24       44.766
    -77.          210.032      170.040       7.36      254.331     -20.38       42.145
    -72.          212.646      174.752       8.74      251.708     -18.66       38.478
    -68.          216.072      180.592       9.65      249.674     -15.63       34.541
    -62.          220.168      187.256      10.47      248.957     -13.09       30.851
    -58.          224.669      194.454      11.32      249.243     -11.64       27.394
    -52.          229.300      201.969      11.98      250.085     -10.51       24.058
    -47.          233.845      209.599      12.42      251.179      -9.25       20.790
    -43.          238.141      217.173      12.59      252.375      -7.85       17.601
    -37.          242.075      224.560      12.42      253.606      -6.53       14.523
    -32.          245.575      231.596      11.70      254.805      -5.51       11.604
    -28.          248.598      238.060      10.76      255.832      -4.35        8.886
    -23.          251.124      243.729       8.26      256.611      -2.76        6.441
    -18.          253.144      248.187       7.06      257.136       0.04        4.475
    -13.          254.653      251.501       7.51      257.374       2.16        2.937
     -7.          255.654      253.805      10.12      257.325       5.11        1.760
     -2.          256.150      255.295      14.61      256.879       9.46        0.792
      2.          256.139      255.481      -9.43      256.894     -13.64        0.707
      7.          255.617      253.486      -5.93      257.484      -7.16        1.999
     12.          254.581      250.198      -7.89      257.996      -2.43        3.899
     17.          253.020      245.486     -11.39      258.510       2.63        6.512
     23.          250.933      239.501     -14.71      259.022       8.37        9.760
     28.          248.325      232.770     -16.16      259.058       9.79       13.144
     32.          245.214      225.745     -16.37      258.533       9.76       16.394
     38.          241.630      218.551     -16.22      257.704      11.00       19.577
     42.          237.629      211.266     -15.81      256.558      11.77       22.646
     47.          233.295      203.998     -15.17      255.146      12.22       25.574
     52.          228.749      196.908     -14.33      253.634      12.86       28.363
     58.          224.157      190.182     -13.33      252.172      13.78       30.995
     63.          219.738      184.031     -11.98      250.833      14.67       33.401
     68.          215.758      178.615     -10.19      249.709      15.35       35.547
     72.          212.474      174.023      -8.07      248.985      16.10       37.481
     78.          210.005      170.296      -5.70      248.727      16.37       39.215
     82.          208.425      167.492      -3.42      248.612      16.39       40.560
     88.          207.871      166.407      -3.22      248.559      16.37       41.076

ICE LINES (Tave = 263K)
   planet is an ice-ball.

CO2 CONDENSATION
  planet average co2 ice cloud coverage = 0.062
  atmospheric CO2 % loss to surface =  0.22

GEOGRAPHIC DATA
planet ocean fraction: 0.7
coast latitude:   0.0
geography: 1
number of belts: 36
  latitude of belt center  belt ocean fraction
           -87.5                   0.000
           -82.5                   0.000
           -77.5                   0.107
           -72.5                   0.386
           -67.5                   0.795
           -62.5                   0.997
           -57.5                   0.999
           -52.5                   0.985
           -47.5                   0.975
           -42.5                   0.964
           -37.5                   0.934
           -32.5                   0.842
           -27.5                   0.784
           -22.5                   0.754
           -17.5                   0.764
           -12.5                   0.796
            -7.5                   0.769
            -2.5                   0.759
             2.5                   1.000
             7.5                   0.852
            12.5                   0.771
            17.5                   0.655
            22.5                   0.287
            27.5                   0.312
            32.5                   0.450
            37.5                   0.407
            42.5                   0.438
            47.5                   0.512
            52.5                   0.568
            57.5                   0.577
            62.5                   0.596
            67.5                   0.652
            72.5                   0.708
            77.5                   0.765
            82.5                   0.757
            87.5                   0.786
