
OBLIQUITY: 23.50 degrees


**LATITUDE GRID DATA**
          x      dx    latitude(rad)  latitude(deg)
    0  -1.000   0.001     -1.571        -90.0
    1  -0.999   0.008     -1.527        -87.5
    2  -0.991   0.015     -1.440        -82.5
    3  -0.976   0.023     -1.353        -77.5
    4  -0.954   0.030     -1.265        -72.5
    5  -0.924   0.037     -1.178        -67.5
    6  -0.887   0.044     -1.091        -62.5
    7  -0.843   0.050     -1.004        -57.5
    8  -0.793   0.056     -0.916        -52.5
    9  -0.737   0.062     -0.829        -47.5
   10  -0.676   0.067     -0.742        -42.5
   11  -0.609   0.071     -0.654        -37.5
   12  -0.537   0.076     -0.567        -32.5
   13  -0.462   0.079     -0.480        -27.5
   14  -0.383   0.082     -0.393        -22.5
   15  -0.301   0.084     -0.305        -17.5
   16  -0.216   0.086     -0.218        -12.5
   17  -0.131   0.087     -0.131         -7.5
   18  -0.044   0.087     -0.044         -2.5
   19   0.044   0.087      0.044          2.5
   20   0.131   0.086      0.131          7.5
   21   0.216   0.084      0.218         12.5
   22   0.301   0.082      0.305         17.5
   23   0.383   0.079      0.393         22.5
   24   0.462   0.076      0.480         27.5
   25   0.537   0.071      0.567         32.5
   26   0.609   0.067      0.654         37.5
   27   0.676   0.062      0.742         42.5
   28   0.737   0.056      0.829         47.5
   29   0.793   0.050      0.916         52.5
   30   0.843   0.044      1.004         57.5
   31   0.887   0.037      1.091         62.5
   32   0.924   0.030      1.178         67.5
   33   0.954   0.023      1.265         72.5
   34   0.976   0.015      1.353         77.5
   35   0.991   0.008      1.440         82.5
   36   0.999   0.001      1.527         87.5
   37   1.000   0.000      1.571         90.0

SUMMARY
   planet average temperature = 239.323 Kelvin
   planet average albedo =   0.461
   planet average insolation = 181.556 Watts/m^2
   planet average outgoing infrared =  98.253 Watts/m^2
   seasonal-average weathering rate =  1.94829E-19 g/year
   co2 partial pressure =  9.97147E-01 bars
   surface water vapor % (by volume) =   0.000
   total surface pressure =  1.99715E+00 bars
   thermal diffusion coefficient (D) =  7.74200E-02 Watts/m^2 K
   convergence to final temperature profile in  1.41523E+08 seconds
   calculation completed after  10 orbits

ZONAL STATISTICS
 latitude(deg)  ave temp(K)  min temp(K)  @dec(deg)  max temp(K)  @dec(deg)  seas.amp(K)

OUTPUT FILES
    -88.          206.878      181.017      -0.98      234.585     -15.72       26.784
    -82.          207.393      182.225      -0.75      234.375     -15.54       26.075
    -77.          208.699      185.224      -0.67      233.905     -14.78       24.341
    -72.          210.790      189.412      -0.44      233.790     -12.77       22.189
    -68.          213.731      194.320       1.83      234.753     -10.50       20.217
    -62.          217.400      199.775       2.92      236.261      -9.09       18.243
    -58.          221.555      205.625       3.77      238.069      -8.79       16.222
    -52.          225.945      211.689       4.69      239.754      -6.65       14.032
    -47.          230.369      217.829       5.45      241.506      -4.55       11.839
    -43.          234.659      223.954       5.98      243.366      -2.65        9.706
    -37.          238.687      229.973       6.05      245.344      -0.98        7.686
    -32.          242.364      235.769       5.60      247.406       0.06        5.818
    -28.          245.630      241.144       1.91      249.409       0.06        4.132
    -23.          248.443      245.425       1.29      251.223       0.06        2.899
    -18.          250.765      248.709       2.53      252.750       3.79        2.020
    -13.          252.559      251.167       3.92      253.931       5.66        1.382
     -7.          253.783      252.880       6.05      254.694       7.70        0.907
     -2.          254.416      253.916       9.15      254.949      10.69        0.516
      2.          254.447      254.288      14.21      254.627      16.29        0.169
      7.          253.779      253.386      -8.49      254.251     -11.93        0.433
     12.          252.489      251.395       0.08      253.618      -8.54        1.111
     17.          250.629      248.229      -2.96      252.820      -4.11        2.295
     23.          248.246      243.849      -6.89      251.941       1.91        4.046
     28.          245.418      238.727      -8.34      250.694       3.23        5.983
     32.          242.150      233.127      -8.87      249.044       3.23        7.958
     38.          238.466      227.212      -9.09      247.204       4.92        9.996
     42.          234.421      221.159      -8.72      245.174       6.21       12.008
     47.          230.096      215.099      -7.88      242.970       7.25       13.935
     52.          225.603      209.166      -6.89      240.653       8.72       15.744
     58.          221.089      203.515      -5.88      238.231      10.98       17.358
     63.          216.750      198.408      -4.86      235.320      11.05       18.456
     68.          212.813      194.145      -2.49      232.024      10.77       18.940
     72.          209.936      190.773       0.06      229.273      10.98       19.250
     78.          207.960      188.048       0.06      227.336      11.67       19.644
     82.          206.758      186.096       0.06      226.307      11.94       20.106
     88.          206.286      185.081       0.08      225.981      12.00       20.450

ICE LINES (Tave = 263K)
   planet is an ice-ball.

CO2 CONDENSATION
  planet average co2 ice cloud coverage = 0.500
  atmospheric CO2 % loss to surface =  0.29

GEOGRAPHIC DATA
planet ocean fraction: 0.7
coast latitude:   0.0
geography: 1
number of belts: 36
  latitude of belt center  belt ocean fraction
           -87.5                   0.000
           -82.5                   0.000
           -77.5                   0.107
           -72.5                   0.386
           -67.5                   0.795
           -62.5                   0.997
           -57.5                   0.999
           -52.5                   0.985
           -47.5                   0.975
           -42.5                   0.964
           -37.5                   0.934
           -32.5                   0.842
           -27.5                   0.784
           -22.5                   0.754
           -17.5                   0.764
           -12.5                   0.796
            -7.5                   0.769
            -2.5                   0.759
             2.5                   1.000
             7.5                   0.852
            12.5                   0.771
            17.5                   0.655
            22.5                   0.287
            27.5                   0.312
            32.5                   0.450
            37.5                   0.407
            42.5                   0.438
            47.5                   0.512
            52.5                   0.568
            57.5                   0.577
            62.5                   0.596
            67.5                   0.652
            72.5                   0.708
            77.5                   0.765
            82.5                   0.757
            87.5                   0.786
