
OBLIQUITY: 23.50 degrees


**LATITUDE GRID DATA**
          x      dx    latitude(rad)  latitude(deg)
    0  -1.000   0.001     -1.571        -90.0
    1  -0.999   0.008     -1.527        -87.5
    2  -0.991   0.015     -1.440        -82.5
    3  -0.976   0.023     -1.353        -77.5
    4  -0.954   0.030     -1.265        -72.5
    5  -0.924   0.037     -1.178        -67.5
    6  -0.887   0.044     -1.091        -62.5
    7  -0.843   0.050     -1.004        -57.5
    8  -0.793   0.056     -0.916        -52.5
    9  -0.737   0.062     -0.829        -47.5
   10  -0.676   0.067     -0.742        -42.5
   11  -0.609   0.071     -0.654        -37.5
   12  -0.537   0.076     -0.567        -32.5
   13  -0.462   0.079     -0.480        -27.5
   14  -0.383   0.082     -0.393        -22.5
   15  -0.301   0.084     -0.305        -17.5
   16  -0.216   0.086     -0.218        -12.5
   17  -0.131   0.087     -0.131         -7.5
   18  -0.044   0.087     -0.044         -2.5
   19   0.044   0.087      0.044          2.5
   20   0.131   0.086      0.131          7.5
   21   0.216   0.084      0.218         12.5
   22   0.301   0.082      0.305         17.5
   23   0.383   0.079      0.393         22.5
   24   0.462   0.076      0.480         27.5
   25   0.537   0.071      0.567         32.5
   26   0.609   0.067      0.654         37.5
   27   0.676   0.062      0.742         42.5
   28   0.737   0.056      0.829         47.5
   29   0.793   0.050      0.916         52.5
   30   0.843   0.044      1.004         57.5
   31   0.887   0.037      1.091         62.5
   32   0.924   0.030      1.178         67.5
   33   0.954   0.023      1.265         72.5
   34   0.976   0.015      1.353         77.5
   35   0.991   0.008      1.440         82.5
   36   0.999   0.001      1.527         87.5
   37   1.000   0.000      1.571         90.0

SUMMARY
   planet average temperature = 240.450 Kelvin
   planet average albedo =   0.535
   planet average insolation = 236.107 Watts/m^2
   planet average outgoing infrared = 109.855 Watts/m^2
   seasonal-average weathering rate =  1.94825E-19 g/year
   co2 partial pressure =  4.99754E-01 bars
   surface water vapor % (by volume) =   0.000
   total surface pressure =  1.49965E+00 bars
   thermal diffusion coefficient (D) =  4.06914E-01 Watts/m^2 K
   convergence to final temperature profile in  2.07403E+08 seconds
   calculation completed after   6 orbits

ZONAL STATISTICS
 latitude(deg)  ave temp(K)  min temp(K)  @dec(deg)  max temp(K)  @dec(deg)  seas.amp(K)

OUTPUT FILES
    -88.          224.349      193.687      13.08      255.546     -21.17       30.929
    -82.          224.497      194.008      13.16      255.217     -21.01       30.605
    -77.          224.923      194.958      13.40      254.305     -20.47       29.674
    -72.          225.608      196.507      13.79      253.072     -19.38       28.282
    -68.          226.578      198.607      14.15      251.968     -17.57       26.681
    -62.          227.890      201.177      14.53      251.318     -15.63       25.071
    -58.          229.521      204.150      14.92      251.097     -13.99       23.473
    -52.          231.377      207.455      15.31      251.156     -12.63       21.851
    -47.          233.376      211.018      15.65      251.385     -11.54       20.183
    -43.          235.442      214.775      15.98      251.694     -10.72       18.460
    -37.          237.516      218.666      16.24      252.007     -10.19       16.671
    -32.          239.533      222.627      16.45      252.236      -9.97       14.804
    -28.          241.395      226.572      16.56      252.253      -9.83       12.840
    -23.          243.036      230.428      16.56      251.967      -9.60       10.769
    -18.          244.411      234.131      16.41      251.323      -8.84        8.596
    -13.          245.513      237.646      16.00      250.338      -5.14        6.346
     -7.          246.355      240.949      15.22      249.278       5.13        4.164
     -2.          246.911      243.968      14.32      248.656      15.42        2.344
      2.          247.181      244.843     -15.58      248.794      21.94        1.975
      7.          247.363      242.471     -16.27      249.880      23.46        3.705
     12.          247.359      239.825     -17.10      251.674      19.21        5.924
     17.          247.139      236.895     -17.95      253.710      15.08        8.408
     23.          246.654      233.700     -18.45      255.455      14.76       10.877
     28.          245.695      230.127     -18.65      256.632      14.48       13.253
     32.          244.327      226.293     -18.65      257.292      14.20       15.500
     38.          242.688      222.361     -18.55      257.567      14.24       17.603
     42.          240.809      218.401     -18.35      257.470      14.29       19.535
     47.          238.766      214.511     -18.03      257.070      14.36       21.279
     52.          236.664      210.799     -17.61      256.471      14.60       22.836
     58.          234.602      207.356     -17.12      255.771      15.04       24.207
     63.          232.658      204.264     -16.52      255.038      15.49       25.387
     68.          230.921      201.601     -15.88      254.341      15.95       26.370
     72.          229.478      199.445     -15.15      253.770      16.41       27.162
     78.          228.392      197.864     -14.49      253.404      16.79       27.770
     82.          227.713      196.887     -14.07      253.215      16.96       28.164
     88.          227.479      196.555     -13.92      253.153      16.98       28.299

ICE LINES (Tave = 263K)
   planet is an ice-ball.

CO2 CONDENSATION
  planet average co2 ice cloud coverage = 0.399
  atmospheric CO2 % loss to surface =  0.05

GEOGRAPHIC DATA
planet ocean fraction: 0.7
coast latitude:   0.0
geography: 1
number of belts: 36
  latitude of belt center  belt ocean fraction
           -87.5                   0.000
           -82.5                   0.000
           -77.5                   0.107
           -72.5                   0.386
           -67.5                   0.795
           -62.5                   0.997
           -57.5                   0.999
           -52.5                   0.985
           -47.5                   0.975
           -42.5                   0.964
           -37.5                   0.934
           -32.5                   0.842
           -27.5                   0.784
           -22.5                   0.754
           -17.5                   0.764
           -12.5                   0.796
            -7.5                   0.769
            -2.5                   0.759
             2.5                   1.000
             7.5                   0.852
            12.5                   0.771
            17.5                   0.655
            22.5                   0.287
            27.5                   0.312
            32.5                   0.450
            37.5                   0.407
            42.5                   0.438
            47.5                   0.512
            52.5                   0.568
            57.5                   0.577
            62.5                   0.596
            67.5                   0.652
            72.5                   0.708
            77.5                   0.765
            82.5                   0.757
            87.5                   0.786
