    -88.         20.136     10.790     15.485      6.194
    -82.         19.923     10.708     15.367      6.147
    -77.         19.692     10.544     15.133      6.053
    -72.         19.579     10.300     14.783      5.913
    -68.         18.707      9.978     14.320      5.728
    -62.         17.191      9.580     13.749      5.499
    -58.         15.423      9.109     13.073      5.229
    -52.         13.468      8.568     12.297      4.919
    -47.         11.488      7.963     11.428      4.571
    -43.          9.448      7.296     10.472      4.189
    -37.          7.483      6.575      9.436      3.774
    -32.          5.650      5.803      8.328      3.331
    -28.          3.994      4.987      7.157      2.863
    -23.          2.780      4.133      5.932      2.373
    -18.          1.910      3.248      4.661      1.864
    -13.          1.274      2.338      3.355      1.342
     -7.          0.798      1.410      2.023      0.809
     -2.          0.481      0.471      0.676      0.270
      2.          0.462      0.471      0.676      0.270
      7.          0.925      1.410      2.023      0.809
     12.          1.754      2.338      3.355      1.342
     17.          3.147      3.248      4.661      1.864
     23.          5.108      4.133      5.932      2.373
     28.          7.202      4.987      7.157      2.863
     32.          9.210      5.803      8.328      3.331
     38.         11.214      6.575      9.436      3.774
     42.         13.163      7.296     10.472      4.189
     47.         15.017      7.963     11.428      4.571
     52.         16.750      8.568     12.297      4.919
     58.         18.285      9.109     13.073      5.229
     63.         19.248      9.580     13.749      5.499
     68.         19.423      9.978     14.320      5.728
     72.         18.821     10.300     14.783      5.913
     78.         18.854     10.544     15.133      6.053
     82.         19.746     10.708     15.367      6.147
     88.         20.662     10.790     15.485      6.194
