    -88.         26.223     10.790     15.485      6.194
    -82.         25.488     10.708     15.367      6.147
    -77.         23.672     10.544     15.133      6.053
    -72.         21.393     10.300     14.783      5.913
    -68.         19.300      9.978     14.320      5.728
    -62.         17.569      9.580     13.749      5.499
    -58.         15.791      9.109     13.073      5.229
    -52.         13.870      8.568     12.297      4.919
    -47.         11.719      7.963     11.428      4.571
    -43.          9.604      7.296     10.472      4.189
    -37.          7.581      6.575      9.436      3.774
    -32.          5.691      5.803      8.328      3.331
    -28.          3.974      4.987      7.157      2.863
    -23.          2.718      4.133      5.932      2.373
    -18.          1.831      3.248      4.661      1.864
    -13.          1.189      2.338      3.355      1.342
     -7.          0.715      1.410      2.023      0.809
     -2.          0.339      0.471      0.676      0.270
      2.          0.239      0.471      0.676      0.270
      7.          0.666      1.410      2.023      0.809
     12.          1.443      2.338      3.355      1.342
     17.          2.781      3.248      4.661      1.864
     23.          4.727      4.133      5.932      2.373
     28.          6.812      4.987      7.157      2.863
     32.          8.824      5.803      8.328      3.331
     38.         10.855      6.575      9.436      3.774
     42.         12.844      7.296     10.472      4.189
     47.         14.745      7.963     11.428      4.571
     52.         16.523      8.568     12.297      4.919
     58.         18.091      9.109     13.073      5.229
     63.         19.079      9.580     13.749      5.499
     68.         19.419      9.978     14.320      5.728
     72.         19.683     10.300     14.783      5.913
     78.         20.038     10.544     15.133      6.053
     82.         20.505     10.708     15.367      6.147
     88.         20.770     10.790     15.485      6.194
