
OBLIQUITY: 23.50 degrees


**LATITUDE GRID DATA**
          x      dx    latitude(rad)  latitude(deg)
    0  -1.000   0.004     -1.571        -90.0
    1  -0.996   0.030     -1.484        -85.0
    2  -0.966   0.060     -1.309        -75.0
    3  -0.906   0.087     -1.134        -65.0
    4  -0.819   0.112     -0.960        -55.0
    5  -0.707   0.134     -0.785        -45.0
    6  -0.574   0.151     -0.611        -35.0
    7  -0.423   0.164     -0.436        -25.0
    8  -0.259   0.172     -0.262        -15.0
    9  -0.087   0.174     -0.087         -5.0
   10   0.087   0.172      0.087          5.0
   11   0.259   0.164      0.262         15.0
   12   0.423   0.151      0.436         25.0
   13   0.574   0.134      0.611         35.0
   14   0.707   0.112      0.785         45.0
   15   0.819   0.087      0.960         55.0
   16   0.906   0.060      1.134         65.0
   17   0.966   0.030      1.309         75.0
   18   0.996   0.004      1.484         85.0
   19   1.000   0.000      1.571         90.0

SUMMARY
   planet average temperature = 254.999 Kelvin
   planet average albedo =   0.440
   planet average insolation = 121.835 Watts/m^2
   planet average outgoing infrared =  68.572 Watts/m^2
   seasonal-average weathering rate =  9.52497E-20 g/year
   co2 partial pressure =  7.52306E+00 bars
   surface water vapor % (by volume) =   0.008
   total surface pressure =  8.52273E+00 bars
   thermal diffusion coefficient (D) =  4.52735E-01 Watts/m^2 K
   convergence to final temperature profile in  6.33548E+09 seconds
   calculation completed after  93 orbits

ZONAL STATISTICS
 latitude(deg)  ave temp(K)  min temp(K)  @dec(deg)  max temp(K)  @dec(deg)  seas.amp(K)

OUTPUT FILES
    -85.          242.318      225.960       7.11      255.783     -18.26       14.911
    -75.          243.044      227.257       7.33      255.682     -16.92       14.213
    -65.          245.107      230.852       7.02      256.032     -11.81       12.590
    -55.          248.152      236.038       6.27      257.261      -7.10       10.612
    -45.          251.657      242.023       4.16      258.951      -3.35        8.464
    -35.          255.121      248.003       2.58      260.756       0.01        6.376
    -25.          258.146      253.386       1.75      262.165       1.00        4.390
    -15.          260.357      257.730       2.06      262.795       1.88        2.532
     -5.          261.534      260.694      10.51      262.282       0.01        0.794
      5.          261.536      260.142       0.00      262.792     -13.71        1.325
     15.          260.371      256.363      -0.39      263.420      -8.38        3.528
     25.          258.146      250.997      -4.14      263.417      -1.87        6.210
     35.          255.128      244.499      -6.86      262.977       4.13        9.239
     45.          251.658      237.575      -8.95      262.052       7.36       12.238
     55.          248.165      231.061      -9.59      260.833      10.23       14.886
     65.          245.133      225.708      -9.51      259.528      12.29       16.910
     75.          243.080      222.110      -8.91      258.362      11.76       18.126
     85.          242.357      220.844      -8.43      257.935      11.59       18.546

ICE LINES (Tave = 263K)
   planet is an ice-ball.

CO2 CONDENSATION
  planet average co2 ice coverage = *****

GEOGRAPHIC DATA
planet ocean fraction: 1.0
coast latitude:   0.0
geography: 1
number of belts: 18
  latitude of belt center  belt ocean fraction
           -85.0                   0.000
           -75.0                   0.351
           -65.0                   1.280
           -55.0                   1.417
           -45.0                   1.386
           -35.0                   1.269
           -25.0                   1.099
           -15.0                   1.114
            -5.0                   1.091
             5.0                   1.103
            15.0                   1.051
            25.0                   0.891
            35.0                   0.817
            45.0                   0.679
            55.0                   0.611
            65.0                   0.420
            75.0                   1.019
            85.0                   1.334
