
OBLIQUITY: 23.50 degrees


**LATITUDE GRID DATA**
          x      dx    latitude(rad)  latitude(deg)
    0  -1.000   0.004     -1.571        -90.0
    1  -0.996   0.030     -1.484        -85.0
    2  -0.966   0.060     -1.309        -75.0
    3  -0.906   0.087     -1.134        -65.0
    4  -0.819   0.112     -0.960        -55.0
    5  -0.707   0.134     -0.785        -45.0
    6  -0.574   0.151     -0.611        -35.0
    7  -0.423   0.164     -0.436        -25.0
    8  -0.259   0.172     -0.262        -15.0
    9  -0.087   0.174     -0.087         -5.0
   10   0.087   0.172      0.087          5.0
   11   0.259   0.164      0.262         15.0
   12   0.423   0.151      0.436         25.0
   13   0.574   0.134      0.611         35.0
   14   0.707   0.112      0.785         45.0
   15   0.819   0.087      0.960         55.0
   16   0.906   0.060      1.134         65.0
   17   0.966   0.030      1.309         75.0
   18   0.996   0.004      1.484         85.0
   19   1.000   0.000      1.571         90.0

SUMMARY
   planet average temperature = 330.513 Kelvin
   planet average albedo =   0.317
   planet average insolation = 220.992 Watts/m^2
   planet average outgoing infrared = 151.446 Watts/m^2
   seasonal-average weathering rate =  2.16492E-20 g/year
   co2 partial pressure =  3.83217E+00 bars
   surface water vapor % (by volume) =  10.850
   total surface pressure =  5.42091E+00 bars
   thermal diffusion coefficient (D) =  1.26814E-02 Watts/m^2 K
   convergence to final temperature profile in  1.06458E+09 seconds
   calculation completed after  25 orbits

ZONAL STATISTICS
 latitude(deg)  ave temp(K)  min temp(K)  @dec(deg)  max temp(K)  @dec(deg)  seas.amp(K)

OUTPUT FILES
    -85.          232.209      189.189      -4.49      258.917      -9.91       34.864
    -75.          242.252      209.106      -2.51      260.815      -7.76       25.854
    -65.          270.643      267.491      -6.63      273.881       0.00        3.195
    -55.          301.790      298.686      -2.64      304.983       0.00        3.148
    -45.          325.847      322.896      -0.52      328.800       0.00        2.952
    -35.          340.700      338.188       1.07      343.198       0.54        2.505
    -25.          349.652      347.711       2.47      351.529       0.00        1.909
    -15.          355.076      353.829       4.33      356.269       5.34        1.220
     -5.          357.706      357.154       8.64      358.115      12.75        0.480
      5.          357.685      357.155      -8.65      358.115     -12.75        0.480
     15.          355.050      353.830      -4.33      356.270      -5.33        1.220
     25.          349.659      347.713      -2.47      351.530      -2.23        1.909
     35.          340.676      338.192      -1.07      343.204      -0.53        2.506
     45.          325.877      322.904       0.00      328.814       0.34        2.955
     55.          301.877      298.671       0.00      304.975       1.68        3.152
     65.          270.794      267.538       0.00      273.852       2.80        3.157
     75.          242.323      209.346       0.00      260.888       7.74       25.771
     85.          232.273      189.625       4.53      258.967       9.91       34.671

ICE LINES (Tave = 263K)
  ice-line latitude = -67.6 degrees.
  ice-line latitude =  67.7 degrees.

CO2 CONDENSATION
  planet average co2 ice coverage = 7.763

GEOGRAPHIC DATA
planet ocean fraction: 1.0
coast latitude:   0.0
geography: 4
number of belts: 18
  latitude of belt center  belt ocean fraction
           -85.0                   1.000
           -75.0                   1.000
           -65.0                   1.000
           -55.0                   1.000
           -45.0                   1.000
           -35.0                   1.000
           -25.0                   1.000
           -15.0                   1.000
            -5.0                   1.000
             5.0                   1.000
            15.0                   1.000
            25.0                   1.000
            35.0                   1.000
            45.0                   1.000
            55.0                   1.000
            65.0                   1.000
            75.0                   1.000
            85.0                   1.000
