
OBLIQUITY:  0.00 degrees


**LATITUDE GRID DATA**
          x      dx    latitude(rad)  latitude(deg)
    0  -1.000   0.004     -1.571        -90.0
    1  -0.996   0.030     -1.484        -85.0
    2  -0.966   0.060     -1.309        -75.0
    3  -0.906   0.087     -1.134        -65.0
    4  -0.819   0.112     -0.960        -55.0
    5  -0.707   0.134     -0.785        -45.0
    6  -0.574   0.151     -0.611        -35.0
    7  -0.423   0.164     -0.436        -25.0
    8  -0.259   0.172     -0.262        -15.0
    9  -0.087   0.174     -0.087         -5.0
   10   0.087   0.172      0.087          5.0
   11   0.259   0.164      0.262         15.0
   12   0.423   0.151      0.436         25.0
   13   0.574   0.134      0.611         35.0
   14   0.707   0.112      0.785         45.0
   15   0.819   0.087      0.960         55.0
   16   0.906   0.060      1.134         65.0
   17   0.966   0.030      1.309         75.0
   18   0.996   0.004      1.484         85.0
   19   1.000   0.000      1.571         90.0

SUMMARY
   planet average temperature = 293.422 Kelvin
   planet average albedo =   0.286
   planet average insolation = 339.622 Watts/m^2
   planet average outgoing infrared = 243.058 Watts/m^2
   seasonal-average weathering rate = .000E+00 g/year
   co2 partial pressure = .330E-03 bars
   thermal diffusion coefficient (D) = .580E+00 Watts/m^2 K
   convergence to final temperature profile in 0.694E+09 seconds
   calculation completed after 23 orbits

ZONAL STATISTICS
 latitude(deg)  ave temp(K)  min temp(K)  @dec(deg)  max temp(K)  @dec(deg)  seas.amp(K)

OUTPUT FILES
    -85.          255.888      255.892       0.00      255.892       0.00        0.000
    -75.          258.451      258.459       0.00      258.459       0.00        0.000
    -65.          265.192      265.201       0.00      265.201       0.00        0.000
    -55.          274.138      274.147       0.00      274.147       0.00        0.000
    -45.          284.129      284.140       0.00      284.140       0.00        0.000
    -35.          293.943      293.952       0.00      293.952       0.00        0.000
    -25.          302.442      302.444       0.00      302.444       0.00        0.000
    -15.          308.672      308.670       0.00      308.670       0.00        0.000
     -5.          311.956      311.963       0.00      311.963       0.00        0.000
      5.          311.956      311.963       0.00      311.963       0.00        0.000
     15.          308.672      308.670       0.00      308.670       0.00        0.000
     25.          302.442      302.444       0.00      302.444       0.00        0.000
     35.          293.943      293.952       0.00      293.952       0.00        0.000
     45.          284.129      284.140       0.00      284.140       0.00        0.000
     55.          274.138      274.147       0.00      274.147       0.00        0.000
     65.          265.192      265.201       0.00      265.201       0.00        0.000
     75.          258.451      258.459       0.00      258.459       0.00        0.000
     85.          255.888      255.892       0.00      255.892       0.00        0.000

ICE LINES (Tave = 263K)
  ice-line latitude = -68.0 degrees.
  ice-line latitude =  68.0 degrees.

CO2 CLOUDS
  planet average co2 cloud coverage = 0.000

GEOGRAPHIC DATA
planet ocean fraction: 0.7
coast latitude:  -0.5
geography: 4
number of belts: 18
  latitude of belt center  belt ocean fraction
           -85.0                   1.000
           -75.0                   1.000
           -65.0                   1.000
           -55.0                   1.000
           -45.0                   1.000
           -35.0                   1.000
           -25.0                   1.000
           -15.0                   1.000
            -5.0                   1.000
             5.0                   1.000
            15.0                   1.000
            25.0                   1.000
            35.0                   1.000
            45.0                   1.000
            55.0                   1.000
            65.0                   1.000
            75.0                   1.000
            85.0                   1.000
