
OBLIQUITY:  0.00 degrees


**LATITUDE GRID DATA**
          x      dx    latitude(rad)  latitude(deg)
    0  -1.000   0.004     -1.571        -90.0
    1  -0.996   0.030     -1.484        -85.0
    2  -0.966   0.060     -1.309        -75.0
    3  -0.906   0.087     -1.134        -65.0
    4  -0.819   0.112     -0.960        -55.0
    5  -0.707   0.134     -0.785        -45.0
    6  -0.574   0.151     -0.611        -35.0
    7  -0.423   0.164     -0.436        -25.0
    8  -0.259   0.172     -0.262        -15.0
    9  -0.087   0.174     -0.087         -5.0
   10   0.087   0.172      0.087          5.0
   11   0.259   0.164      0.262         15.0
   12   0.423   0.151      0.436         25.0
   13   0.574   0.134      0.611         35.0
   14   0.707   0.112      0.785         45.0
   15   0.819   0.087      0.960         55.0
   16   0.906   0.060      1.134         65.0
   17   0.966   0.030      1.309         75.0
   18   0.996   0.004      1.484         85.0
   19   1.000   0.000      1.571         90.0

SUMMARY
   planet average temperature = 329.499 Kelvin
   planet average albedo =   0.245
   planet average insolation = 373.580 Watts/m^2
   planet average outgoing infrared = 283.063 Watts/m^2
   seasonal-average weathering rate = .000E+00 g/year
   co2 partial pressure = .330E-03 bars
   thermal diffusion coefficient (D) = .580E+00 Watts/m^2 K
   convergence to final temperature profile in 0.180E+10 seconds
   calculation completed after 58 orbits

ZONAL STATISTICS
 latitude(deg)  ave temp(K)  min temp(K)  @dec(deg)  max temp(K)  @dec(deg)  seas.amp(K)

OUTPUT FILES
    -85.          282.128      282.135       0.00      282.135       0.00        0.000
    -75.          285.434      285.426       0.00      285.426       0.00        0.000
    -65.          293.749      293.745       0.00      293.745       0.00        0.000
    -55.          305.111      305.099       0.00      305.099       0.00        0.000
    -45.          317.751      317.755       0.00      317.755       0.00        0.000
    -35.          330.166      330.160       0.00      330.160       0.00        0.000
    -25.          340.888      340.905       0.00      340.905       0.00        0.000
    -15.          348.798      348.797       0.00      348.797       0.00        0.000
     -5.          352.988      352.975       0.00      352.975       0.00        0.000
      5.          352.988      352.975       0.00      352.975       0.00        0.000
     15.          348.798      348.797       0.00      348.797       0.00        0.000
     25.          340.888      340.905       0.00      340.905       0.00        0.000
     35.          330.166      330.160       0.00      330.160       0.00        0.000
     45.          317.751      317.755       0.00      317.755       0.00        0.000
     55.          305.111      305.099       0.00      305.099       0.00        0.000
     65.          293.749      293.745       0.00      293.745       0.00        0.000
     75.          285.434      285.426       0.00      285.426       0.00        0.000
     85.          282.128      282.135       0.00      282.135       0.00        0.000

ICE LINES (Tave = 263K)
   planet is ice-free.

CO2 CLOUDS
  planet average co2 cloud coverage = 0.000

GEOGRAPHIC DATA
planet ocean fraction: 0.7
coast latitude:   0.0
geography: 4
number of belts: 18
  latitude of belt center  belt ocean fraction
           -85.0                   1.000
           -75.0                   1.000
           -65.0                   1.000
           -55.0                   1.000
           -45.0                   1.000
           -35.0                   1.000
           -25.0                   1.000
           -15.0                   1.000
            -5.0                   1.000
             5.0                   1.000
            15.0                   1.000
            25.0                   1.000
            35.0                   1.000
            45.0                   1.000
            55.0                   1.000
            65.0                   1.000
            75.0                   1.000
            85.0                   1.000
