
OBLIQUITY: 23.50 degrees


**LATITUDE GRID DATA**
          x      dx    latitude(rad)  latitude(deg)
    0  -1.000   0.004     -1.571        -90.0
    1  -0.996   0.030     -1.484        -85.0
    2  -0.966   0.060     -1.309        -75.0
    3  -0.906   0.087     -1.134        -65.0
    4  -0.819   0.112     -0.960        -55.0
    5  -0.707   0.134     -0.785        -45.0
    6  -0.574   0.151     -0.611        -35.0
    7  -0.423   0.164     -0.436        -25.0
    8  -0.259   0.172     -0.262        -15.0
    9  -0.087   0.174     -0.087         -5.0
   10   0.087   0.172      0.087          5.0
   11   0.259   0.164      0.262         15.0
   12   0.423   0.151      0.436         25.0
   13   0.574   0.134      0.611         35.0
   14   0.707   0.112      0.785         45.0
   15   0.819   0.087      0.960         55.0
   16   0.906   0.060      1.134         65.0
   17   0.966   0.030      1.309         75.0
   18   0.996   0.004      1.484         85.0
   19   1.000   0.000      1.571         90.0

SUMMARY
   planet average temperature = 284.644 Kelvin
   planet average albedo =   0.373
   planet average insolation = 150.001 Watts/m^2
   planet average outgoing infrared =  94.090 Watts/m^2
   seasonal-average weathering rate =  3.81290E-20 g/year
   co2 partial pressure =  3.83314E+00 bars
   surface water vapor % (by volume) =   0.428
   total surface pressure =  4.85279E+00 bars
   thermal diffusion coefficient (D) =  1.14152E-01 Watts/m^2 K
   convergence to final temperature profile in  1.15750E+09 seconds
   calculation completed after  21 orbits

ZONAL STATISTICS
 latitude(deg)  ave temp(K)  min temp(K)  @dec(deg)  max temp(K)  @dec(deg)  seas.amp(K)

OUTPUT FILES
    -85.          238.582      213.331       2.71      257.062     -13.27       21.866
    -75.          241.376      218.746       4.01      257.757     -12.14       19.506
    -65.          249.303      232.954       4.80      260.794      -8.71       13.920
    -55.          260.758      252.438      -1.05      265.985       0.01        6.774
    -45.          273.430      270.731      -6.13      276.040       0.01        2.654
    -35.          285.667      283.603       0.71      287.796       0.01        2.096
    -25.          296.053      294.413       2.84      297.734       0.01        1.661
    -15.          303.460      302.389       5.11      304.520       0.01        1.066
     -5.          307.268      306.822      10.17      307.665       0.01        0.421
      5.          307.274      306.870     -10.12      307.698     -11.86        0.414
     15.          303.464      302.399       0.01      304.511      -5.41        1.056
     25.          296.078      294.409       0.01      297.715      -2.49        1.653
     35.          285.690      283.590       0.01      287.779      -1.11        2.094
     45.          273.455      270.720       6.14      276.035      -2.09        2.658
     55.          260.787      252.425       1.04      265.981      -0.88        6.778
     65.          249.333      233.079      -4.78      260.792       8.71       13.856
     75.          241.419      218.871      -3.99      257.755      12.15       19.442
     85.          238.615      213.455      -2.70      257.060      13.28       21.803

ICE LINES (Tave = 263K)
  ice-line latitude = -53.1 degrees.
  ice-line latitude =  53.1 degrees.

CO2 CONDENSATION
  planet average co2 ice coverage = *****

GEOGRAPHIC DATA
planet ocean fraction: 1.0
coast latitude:   0.0
geography: 4
number of belts: 18
  latitude of belt center  belt ocean fraction
           -85.0                   1.000
           -75.0                   1.000
           -65.0                   1.000
           -55.0                   1.000
           -45.0                   1.000
           -35.0                   1.000
           -25.0                   1.000
           -15.0                   1.000
            -5.0                   1.000
             5.0                   1.000
            15.0                   1.000
            25.0                   1.000
            35.0                   1.000
            45.0                   1.000
            55.0                   1.000
            65.0                   1.000
            75.0                   1.000
            85.0                   1.000
