
OBLIQUITY: 23.50 degrees


**LATITUDE GRID DATA**
          x      dx    latitude(rad)  latitude(deg)
    0  -1.000   0.004     -1.571        -90.0
    1  -0.996   0.030     -1.484        -85.0
    2  -0.966   0.060     -1.309        -75.0
    3  -0.906   0.087     -1.134        -65.0
    4  -0.819   0.112     -0.960        -55.0
    5  -0.707   0.134     -0.785        -45.0
    6  -0.574   0.151     -0.611        -35.0
    7  -0.423   0.164     -0.436        -25.0
    8  -0.259   0.172     -0.262        -15.0
    9  -0.087   0.174     -0.087         -5.0
   10   0.087   0.172      0.087          5.0
   11   0.259   0.164      0.262         15.0
   12   0.423   0.151      0.436         25.0
   13   0.574   0.134      0.611         35.0
   14   0.707   0.112      0.785         45.0
   15   0.819   0.087      0.960         55.0
   16   0.906   0.060      1.134         65.0
   17   0.966   0.030      1.309         75.0
   18   0.996   0.004      1.484         85.0
   19   1.000   0.000      1.571         90.0

SUMMARY
   planet average temperature = 254.308 Kelvin
   planet average albedo =   0.395
   planet average insolation = 131.083 Watts/m^2
   planet average outgoing infrared =  79.631 Watts/m^2
   seasonal-average weathering rate =  9.74123E-20 g/year
   co2 partial pressure =  3.83256E+00 bars
   surface water vapor % (by volume) =   0.012
   total surface pressure =  4.83346E+00 bars
   thermal diffusion coefficient (D) =  1.26823E+00 Watts/m^2 K
   convergence to final temperature profile in  2.00547E+09 seconds
   calculation completed after  32 orbits

ZONAL STATISTICS
 latitude(deg)  ave temp(K)  min temp(K)  @dec(deg)  max temp(K)  @dec(deg)  seas.amp(K)

OUTPUT FILES
    -85.          249.084      236.491      11.19      259.445     -14.58       11.477
    -75.          249.383      237.023      11.34      259.531     -14.03       11.254
    -65.          250.236      238.574      11.51      259.853     -13.00       10.639
    -55.          251.492      240.891      11.38      260.257     -12.05        9.683
    -45.          252.935      243.713      11.39      260.549     -11.18        8.418
    -35.          254.365      246.802      11.48      260.552     -10.38        6.875
    -25.          255.609      249.934      11.58      260.123      -9.58        5.094
    -15.          256.520      252.895      11.75      259.163      -7.79        3.134
     -5.          257.009      255.501      12.22      257.876       8.99        1.187
      5.          257.005      255.470     -12.23      257.845      -9.05        1.188
     15.          256.518      252.861     -11.76      259.188       7.78        3.163
     25.          255.603      249.898     -11.59      260.146       9.57        5.124
     35.          254.360      246.763     -11.49      260.573      10.38        6.905
     45.          252.928      243.671     -11.42      260.568      11.15        8.449
     55.          251.484      240.847     -11.42      260.275      12.04        9.714
     65.          250.226      238.529     -11.54      259.869      13.01       10.670
     75.          249.374      236.978     -11.37      259.547      14.02       11.284
     85.          249.074      236.446     -11.21      259.461      14.57       11.507

ICE LINES (Tave = 263K)
   planet is an ice-ball.

CO2 CONDENSATION
  planet average co2 ice coverage = *****

GEOGRAPHIC DATA
planet ocean fraction: 1.0
coast latitude:   0.0
geography: 4
number of belts: 18
  latitude of belt center  belt ocean fraction
           -85.0                   1.000
           -75.0                   1.000
           -65.0                   1.000
           -55.0                   1.000
           -45.0                   1.000
           -35.0                   1.000
           -25.0                   1.000
           -15.0                   1.000
            -5.0                   1.000
             5.0                   1.000
            15.0                   1.000
            25.0                   1.000
            35.0                   1.000
            45.0                   1.000
            55.0                   1.000
            65.0                   1.000
            75.0                   1.000
            85.0                   1.000
