
OBLIQUITY: 23.50 degrees


**LATITUDE GRID DATA**
          x      dx    latitude(rad)  latitude(deg)
    0  -1.000   0.001     -1.571        -90.0
    1  -0.999   0.008     -1.527        -87.5
    2  -0.991   0.015     -1.440        -82.5
    3  -0.976   0.023     -1.353        -77.5
    4  -0.954   0.030     -1.265        -72.5
    5  -0.924   0.037     -1.178        -67.5
    6  -0.887   0.044     -1.091        -62.5
    7  -0.843   0.050     -1.004        -57.5
    8  -0.793   0.056     -0.916        -52.5
    9  -0.737   0.062     -0.829        -47.5
   10  -0.676   0.067     -0.742        -42.5
   11  -0.609   0.071     -0.654        -37.5
   12  -0.537   0.076     -0.567        -32.5
   13  -0.462   0.079     -0.480        -27.5
   14  -0.383   0.082     -0.393        -22.5
   15  -0.301   0.084     -0.305        -17.5
   16  -0.216   0.086     -0.218        -12.5
   17  -0.131   0.087     -0.131         -7.5
   18  -0.044   0.087     -0.044         -2.5
   19   0.044   0.087      0.044          2.5
   20   0.131   0.086      0.131          7.5
   21   0.216   0.084      0.218         12.5
   22   0.301   0.082      0.305         17.5
   23   0.383   0.079      0.393         22.5
   24   0.462   0.076      0.480         27.5
   25   0.537   0.071      0.567         32.5
   26   0.609   0.067      0.654         37.5
   27   0.676   0.062      0.742         42.5
   28   0.737   0.056      0.829         47.5
   29   0.793   0.050      0.916         52.5
   30   0.843   0.044      1.004         57.5
   31   0.887   0.037      1.091         62.5
   32   0.924   0.030      1.178         67.5
   33   0.954   0.023      1.265         72.5
   34   0.976   0.015      1.353         77.5
   35   0.991   0.008      1.440         82.5
   36   0.999   0.001      1.527         87.5
   37   1.000   0.000      1.571         90.0

SUMMARY
   planet average temperature = 214.814 Kelvin
   planet average albedo =   0.613
   planet average insolation = 280.987 Watts/m^2
   planet average outgoing infrared = 108.768 Watts/m^2
   seasonal-average weathering rate =  1.94826E-19 g/year
   co2 partial pressure =  3.23048E-04 bars
   surface water vapor % (by volume) =   0.000
   total surface pressure =  1.00030E+00 bars
   thermal diffusion coefficient (D) =  1.28325E-01 Watts/m^2 K
   convergence to final temperature profile in  3.27681E+08 seconds
   calculation completed after  10 orbits

ZONAL STATISTICS
 latitude(deg)  ave temp(K)  min temp(K)  @dec(deg)  max temp(K)  @dec(deg)  seas.amp(K)

OUTPUT FILES
    -88.          189.760      154.421       7.68      233.637     -21.42       39.608
    -82.          190.187      155.091       8.03      233.565     -21.36       39.237
    -77.          191.433      157.160       9.04      233.401     -21.12       38.121
    -72.          193.398      160.576      10.42      233.258     -20.72       36.341
    -68.          195.839      164.475      11.93      233.135     -20.07       34.330
    -62.          198.696      168.782      13.38      233.331     -19.45       32.274
    -58.          201.823      173.393      14.50      233.751     -18.99       30.179
    -52.          205.072      178.235      15.41      234.267     -18.64       28.016
    -47.          208.315      183.219      16.14      234.763     -18.42       25.772
    -43.          211.447      188.250      16.78      235.142     -18.23       23.446
    -37.          214.381      193.228      17.32      235.323     -18.10       21.047
    -32.          217.055      198.076      17.81      235.241     -17.98       18.582
    -28.          219.418      202.726      18.25      234.844     -17.74       16.059
    -23.          221.435      207.133      18.63      234.097     -17.31       13.482
    -18.          223.078      211.254      18.92      232.984     -16.35       10.865
    -13.          224.328      215.050      19.18      231.523     -13.95        8.237
     -7.          225.173      218.508      19.40      229.858      -7.86        5.675
     -2.          225.600      221.602      19.59      228.392       1.65        3.395
      2.          225.613      223.948     -21.47      227.550      11.22        1.801
      7.          225.213      220.712     -20.84      227.556      19.41        3.422
     12.          224.399      217.020     -20.53      228.668      17.81        5.824
     17.          223.177      212.917     -20.36      230.283      20.09        8.683
     23.          221.554      208.446     -20.27      231.531      20.37       11.542
     28.          219.550      203.665     -20.05      232.424      20.44       14.379
     32.          217.191      198.645     -19.69      232.979      20.44       17.167
     38.          214.516      193.455     -19.33      233.219      20.42       19.882
     42.          211.574      188.198     -18.86      233.177      20.39       22.490
     47.          208.429      182.982     -18.23      232.899      20.33       24.959
     52.          205.165      177.926     -17.46      232.452      20.28       27.263
     58.          201.883      173.148     -16.43      231.918      20.28       29.385
     63.          198.707      168.740     -15.10      231.402      20.30       31.331
     68.          195.773      164.764     -12.98      231.027      20.37       33.132
     72.          193.208      160.704      -7.56      230.920      20.44       35.108
     78.          191.048      154.719      -2.80      230.997      20.42       38.139
     82.          189.513      148.964      -0.95      231.106      20.40       41.071
     88.          188.955      146.577      -0.36      231.156      20.39       42.290

ICE LINES (Tave = 263K)
   planet is an ice-ball.

CO2 CONDENSATION
  planet average co2 ice cloud coverage = 0.003
  atmospheric CO2 % loss to surface =  2.11

GEOGRAPHIC DATA
planet ocean fraction: 0.7
coast latitude:   0.0
geography: 1
number of belts: 36
  latitude of belt center  belt ocean fraction
           -87.5                   0.000
           -82.5                   0.000
           -77.5                   0.107
           -72.5                   0.386
           -67.5                   0.795
           -62.5                   0.997
           -57.5                   0.999
           -52.5                   0.985
           -47.5                   0.975
           -42.5                   0.964
           -37.5                   0.934
           -32.5                   0.842
           -27.5                   0.784
           -22.5                   0.754
           -17.5                   0.764
           -12.5                   0.796
            -7.5                   0.769
            -2.5                   0.759
             2.5                   1.000
             7.5                   0.852
            12.5                   0.771
            17.5                   0.655
            22.5                   0.287
            27.5                   0.312
            32.5                   0.450
            37.5                   0.407
            42.5                   0.438
            47.5                   0.512
            52.5                   0.568
            57.5                   0.577
            62.5                   0.596
            67.5                   0.652
            72.5                   0.708
            77.5                   0.765
            82.5                   0.757
            87.5                   0.786
