
OBLIQUITY:  0.00 degrees


**LATITUDE GRID DATA**
          x      dx    latitude(rad)  latitude(deg)
    0  -1.000   0.001     -1.571        -90.0
    1  -0.999   0.008     -1.527        -87.5
    2  -0.991   0.015     -1.440        -82.5
    3  -0.976   0.023     -1.353        -77.5
    4  -0.954   0.030     -1.265        -72.5
    5  -0.924   0.037     -1.178        -67.5
    6  -0.887   0.044     -1.091        -62.5
    7  -0.843   0.050     -1.004        -57.5
    8  -0.793   0.056     -0.916        -52.5
    9  -0.737   0.062     -0.829        -47.5
   10  -0.676   0.067     -0.742        -42.5
   11  -0.609   0.071     -0.654        -37.5
   12  -0.537   0.076     -0.567        -32.5
   13  -0.462   0.079     -0.480        -27.5
   14  -0.383   0.082     -0.393        -22.5
   15  -0.301   0.084     -0.305        -17.5
   16  -0.216   0.086     -0.218        -12.5
   17  -0.131   0.087     -0.131         -7.5
   18  -0.044   0.087     -0.044         -2.5
   19   0.044   0.087      0.044          2.5
   20   0.131   0.086      0.131          7.5
   21   0.216   0.084      0.218         12.5
   22   0.301   0.082      0.305         17.5
   23   0.383   0.079      0.393         22.5
   24   0.462   0.076      0.480         27.5
   25   0.537   0.071      0.567         32.5
   26   0.609   0.067      0.654         37.5
   27   0.676   0.062      0.742         42.5
   28   0.737   0.056      0.829         47.5
   29   0.793   0.050      0.916         52.5
   30   0.843   0.044      1.004         57.5
   31   0.887   0.037      1.091         62.5
   32   0.924   0.030      1.178         67.5
   33   0.954   0.023      1.265         72.5
   34   0.976   0.015      1.353         77.5
   35   0.991   0.008      1.440         82.5
   36   0.999   0.001      1.527         87.5
   37   1.000   0.000      1.571         90.0

SUMMARY
   planet average temperature = 240.828 Kelvin
   planet average albedo =   0.537
   planet average insolation = 236.069 Watts/m^2
   planet average outgoing infrared = 109.383 Watts/m^2
   seasonal-average weathering rate =  1.94825E-19 g/year
   co2 partial pressure =  5.00000E-01 bars
   surface water vapor % (by volume) =   0.000
   total surface pressure =  1.50000E+00 bars
   thermal diffusion coefficient (D) =  4.09521E-01 Watts/m^2 K
   convergence to final temperature profile in  2.07403E+08 seconds
   calculation completed after   6 orbits

ZONAL STATISTICS
 latitude(deg)  ave temp(K)  min temp(K)  @dec(deg)  max temp(K)  @dec(deg)  seas.amp(K)

OUTPUT FILES
    -88.          218.540      217.616       0.00      219.476       0.00        0.930
    -82.          218.953      218.025       0.00      219.894       0.00        0.935
    -77.          220.008      219.070       0.00      220.962       0.00        0.946
    -72.          221.506      220.552       0.00      222.473       0.00        0.960
    -68.          223.322      222.351       0.00      224.307       0.00        0.978
    -62.          225.425      224.435       0.00      226.427       0.00        0.996
    -58.          227.769      226.760       0.00      228.789       0.00        1.014
    -52.          230.263      229.238       0.00      231.298       0.00        1.030
    -47.          232.830      231.789       0.00      233.875       0.00        1.043
    -43.          235.403      234.350       0.00      236.456       0.00        1.053
    -37.          237.928      236.867       0.00      238.986       0.00        1.059
    -32.          240.345      239.281       0.00      241.407       0.00        1.063
    -28.          242.558      241.488       0.00      243.619       0.00        1.065
    -23.          244.491      243.421       0.00      245.555       0.00        1.067
    -18.          246.112      245.036       0.00      247.175       0.00        1.069
    -13.          247.405      246.323       0.00      248.469       0.00        1.073
     -7.          248.383      247.293       0.00      249.450       0.00        1.079
     -2.          249.017      247.918       0.00      250.091       0.00        1.086
      2.          249.299      248.190       0.00      250.384       0.00        1.097
      7.          249.433      248.310       0.00      250.535       0.00        1.112
     12.          249.327      248.184       0.00      250.446       0.00        1.131
     17.          248.946      247.780       0.00      250.090       0.00        1.155
     23.          248.243      247.058       0.00      249.418       0.00        1.180
     28.          247.009      245.802       0.00      248.203       0.00        1.200
     32.          245.303      244.086       0.00      246.511       0.00        1.212
     38.          243.279      242.058       0.00      244.489       0.00        1.216
     42.          240.955      239.743       0.00      242.166       0.00        1.212
     47.          238.420      237.216       0.00      239.618       0.00        1.201
     52.          235.770      234.587       0.00      236.949       0.00        1.181
     58.          233.111      231.953       0.00      234.265       0.00        1.156
     63.          230.521      229.391       0.00      231.649       0.00        1.129
     68.          228.095      226.994       0.00      229.197       0.00        1.101
     72.          225.952      224.878       0.00      227.027       0.00        1.074
     78.          224.219      223.168       0.00      225.270       0.00        1.051
     82.          223.041      222.007       0.00      224.076       0.00        1.035
     88.          222.600      221.570       0.00      223.627       0.00        1.028

ICE LINES (Tave = 263K)
   planet is an ice-ball.

CO2 CONDENSATION
  planet average co2 ice cloud coverage = 0.462
  atmospheric CO2 % loss to surface =  0.00

GEOGRAPHIC DATA
planet ocean fraction: 0.7
coast latitude:   0.0
geography: 1
number of belts: 36
  latitude of belt center  belt ocean fraction
           -87.5                   0.000
           -82.5                   0.000
           -77.5                   0.107
           -72.5                   0.386
           -67.5                   0.795
           -62.5                   0.997
           -57.5                   0.999
           -52.5                   0.985
           -47.5                   0.975
           -42.5                   0.964
           -37.5                   0.934
           -32.5                   0.842
           -27.5                   0.784
           -22.5                   0.754
           -17.5                   0.764
           -12.5                   0.796
            -7.5                   0.769
            -2.5                   0.759
             2.5                   1.000
             7.5                   0.852
            12.5                   0.771
            17.5                   0.655
            22.5                   0.287
            27.5                   0.312
            32.5                   0.450
            37.5                   0.407
            42.5                   0.438
            47.5                   0.512
            52.5                   0.568
            57.5                   0.577
            62.5                   0.596
            67.5                   0.652
            72.5                   0.708
            77.5                   0.765
            82.5                   0.757
            87.5                   0.786
