    -88.         14.576     10.790     15.485      6.194
    -82.         14.027     10.708     15.367      6.147
    -77.         12.539     10.544     15.133      6.053
    -72.         10.567     10.300     14.783      5.913
    -68.          8.670      9.978     14.320      5.728
    -62.          6.928      9.580     13.749      5.499
    -58.          5.356      9.109     13.073      5.229
    -52.          4.243      8.568     12.297      4.919
    -47.          3.831      7.963     11.428      4.571
    -43.          3.621      7.296     10.472      4.189
    -37.          3.448      6.575      9.436      3.774
    -32.          3.244      5.803      8.328      3.331
    -28.          2.964      4.987      7.157      2.863
    -23.          2.590      4.133      5.932      2.373
    -18.          2.128      3.248      4.661      1.864
    -13.          1.608      2.338      3.355      1.342
     -7.          1.066      1.410      2.023      0.809
     -2.          0.515      0.471      0.676      0.270
      2.          0.515      0.471      0.676      0.270
      7.          1.240      1.410      2.023      0.809
     12.          2.130      2.338      3.355      1.342
     17.          3.143      3.248      4.661      1.864
     23.          4.194      4.133      5.932      2.373
     28.          5.102      4.987      7.157      2.863
     32.          5.802      5.803      8.328      3.331
     38.          6.342      6.575      9.436      3.774
     42.          6.825      7.296     10.472      4.189
     47.          7.639      7.963     11.428      4.571
     52.          8.819      8.568     12.297      4.919
     58.          9.742      9.109     13.073      5.229
     63.         10.378      9.580     13.749      5.499
     68.         10.679      9.978     14.320      5.728
     72.         10.849     10.300     14.783      5.913
     78.         11.100     10.544     15.133      6.053
     82.         11.443     10.708     15.367      6.147
     88.         11.589     10.790     15.485      6.194
