
OBLIQUITY: 23.50 degrees


**LATITUDE GRID DATA**
          x      dx    latitude(rad)  latitude(deg)
    0  -1.000   0.004     -1.571        -90.0
    1  -0.996   0.030     -1.484        -85.0
    2  -0.966   0.060     -1.309        -75.0
    3  -0.906   0.087     -1.134        -65.0
    4  -0.819   0.112     -0.960        -55.0
    5  -0.707   0.134     -0.785        -45.0
    6  -0.574   0.151     -0.611        -35.0
    7  -0.423   0.164     -0.436        -25.0
    8  -0.259   0.172     -0.262        -15.0
    9  -0.087   0.174     -0.087         -5.0
   10   0.087   0.172      0.087          5.0
   11   0.259   0.164      0.262         15.0
   12   0.423   0.151      0.436         25.0
   13   0.574   0.134      0.611         35.0
   14   0.707   0.112      0.785         45.0
   15   0.819   0.087      0.960         55.0
   16   0.906   0.060      1.134         65.0
   17   0.966   0.030      1.309         75.0
   18   0.996   0.004      1.484         85.0
   19   1.000   0.000      1.571         90.0

SUMMARY
   planet average temperature = 274.742 Kelvin
   planet average albedo =   0.193
   planet average insolation = 108.705 Watts/m^2
   planet average outgoing infrared =  88.443 Watts/m^2
   seasonal-average weathering rate =  4.32953E-20 g/year
   co2 partial pressure =  3.83268E+00 bars
   surface water vapor % (by volume) =   0.173
   total surface pressure =  4.84137E+00 bars
   thermal diffusion coefficient (D) =  1.14143E-01 Watts/m^2 K
   convergence to final temperature profile in  4.41843E+08 seconds
   calculation completed after  29 orbits

ZONAL STATISTICS
 latitude(deg)  ave temp(K)  min temp(K)  @dec(deg)  max temp(K)  @dec(deg)  seas.amp(K)

OUTPUT FILES
    -85.          231.731      218.706      -2.89      242.695     -12.09       11.995
    -75.          234.428      223.131      -1.34      243.661     -10.22       10.265
    -65.          241.999      234.219       1.25      247.826       0.02        6.804
    -55.          252.944      249.846      -3.32      255.788       0.02        2.971
    -45.          265.077      264.459      -5.82      265.795       1.70        0.668
    -35.          276.064      275.556      -0.59      276.636       0.38        0.540
    -25.          285.135      284.747       1.53      285.541       2.82        0.397
    -15.          291.535      291.288       4.59      291.791       0.00        0.251
     -5.          294.841      294.731      10.80      294.967       0.00        0.118
      5.          294.886      294.744       0.02      294.981     -13.72        0.118
     15.          291.646      291.393       0.02      291.895      -6.53        0.251
     25.          285.336      284.925      -1.44      285.726      -2.71        0.400
     35.          276.335      275.759       0.00      276.845      -0.33        0.543
     45.          265.411      264.692       0.00      266.016      -1.60        0.662
     55.          253.280      250.150       0.00      255.971       1.55        2.910
     65.          242.315      234.538      -1.11      248.054       4.64        6.758
     75.          234.750      223.464       0.00      243.878      10.18       10.207
     85.          232.054      219.178       0.00      242.891      12.05       11.857

ICE LINES (Tave = 263K)
  ice-line latitude = -46.6 degrees.
  ice-line latitude =  46.9 degrees.

CO2 CONDENSATION
  planet average co2 ice coverage = *****

GEOGRAPHIC DATA
planet ocean fraction: 1.0
coast latitude:   0.0
geography: 4
number of belts: 18
  latitude of belt center  belt ocean fraction
           -85.0                   1.000
           -75.0                   1.000
           -65.0                   1.000
           -55.0                   1.000
           -45.0                   1.000
           -35.0                   1.000
           -25.0                   1.000
           -15.0                   1.000
            -5.0                   1.000
             5.0                   1.000
            15.0                   1.000
            25.0                   1.000
            35.0                   1.000
            45.0                   1.000
            55.0                   1.000
            65.0                   1.000
            75.0                   1.000
            85.0                   1.000
