
OBLIQUITY: 23.50 degrees


**LATITUDE GRID DATA**
          x      dx    latitude(rad)  latitude(deg)
    0  -1.000   0.004     -1.571        -90.0
    1  -0.996   0.030     -1.484        -85.0
    2  -0.966   0.060     -1.309        -75.0
    3  -0.906   0.087     -1.134        -65.0
    4  -0.819   0.112     -0.960        -55.0
    5  -0.707   0.134     -0.785        -45.0
    6  -0.574   0.151     -0.611        -35.0
    7  -0.423   0.164     -0.436        -25.0
    8  -0.259   0.172     -0.262        -15.0
    9  -0.087   0.174     -0.087         -5.0
   10   0.087   0.172      0.087          5.0
   11   0.259   0.164      0.262         15.0
   12   0.423   0.151      0.436         25.0
   13   0.574   0.134      0.611         35.0
   14   0.707   0.112      0.785         45.0
   15   0.819   0.087      0.960         55.0
   16   0.906   0.060      1.134         65.0
   17   0.966   0.030      1.309         75.0
   18   0.996   0.004      1.484         85.0
   19   1.000   0.000      1.571         90.0

SUMMARY
   planet average temperature = 282.468 Kelvin
   planet average albedo =   0.185
   planet average insolation = 116.995 Watts/m^2
   planet average outgoing infrared =  91.580 Watts/m^2
   seasonal-average weathering rate =  3.07388E-20 g/year
   co2 partial pressure =  3.83230E+00 bars
   surface water vapor % (by volume) =   0.239
   total surface pressure =  4.84378E+00 bars
   thermal diffusion coefficient (D) =  1.26817E-02 Watts/m^2 K
   convergence to final temperature profile in  1.79211E+08 seconds
   calculation completed after  13 orbits

ZONAL STATISTICS
 latitude(deg)  ave temp(K)  min temp(K)  @dec(deg)  max temp(K)  @dec(deg)  seas.amp(K)

OUTPUT FILES
    -85.          233.080      217.566      -9.32      247.741       0.01       15.088
    -75.          242.907      233.503     -11.41      252.858       0.01        9.678
    -65.          259.560      257.271     -11.91      263.373       0.01        3.051
    -55.          269.173      268.433      -8.28      270.357       0.01        0.962
    -45.          276.655      276.048      -3.69      277.462       0.01        0.707
    -35.          283.976      283.453       1.58      284.690       0.01        0.618
    -25.          290.145      289.699       7.79      290.991       0.01        0.646
    -15.          294.450      294.049       0.01      295.340       0.01        0.645
     -5.          296.634      295.996       0.01      297.453       0.01        0.729
      5.          296.693      295.886       0.01      297.339       0.01        0.727
     15.          294.680      293.781       0.01      295.070       0.01        0.644
     25.          290.507      289.653       0.01      290.945     -11.58        0.646
     35.          284.445      283.763       0.01      284.995      -4.86        0.616
     45.          277.270      276.479       0.01      277.901       0.89        0.711
     55.          269.777      268.577       0.01      270.503       5.40        0.963
     65.          261.464      256.993       0.01      263.286      10.16        3.146
     75.          247.055      231.247       0.01      252.340      12.32       10.546
     85.          238.516      215.898       0.01      247.440      12.09       15.771

ICE LINES (Tave = 263K)
  ice-line latitude = -61.3 degrees.
  ice-line latitude =  63.0 degrees.

CO2 CONDENSATION
  planet average co2 ice coverage = *****

GEOGRAPHIC DATA
planet ocean fraction: 1.0
coast latitude:   0.0
geography: 4
number of belts: 18
  latitude of belt center  belt ocean fraction
           -85.0                   1.000
           -75.0                   1.000
           -65.0                   1.000
           -55.0                   1.000
           -45.0                   1.000
           -35.0                   1.000
           -25.0                   1.000
           -15.0                   1.000
            -5.0                   1.000
             5.0                   1.000
            15.0                   1.000
            25.0                   1.000
            35.0                   1.000
            45.0                   1.000
            55.0                   1.000
            65.0                   1.000
            75.0                   1.000
            85.0                   1.000
