
OBLIQUITY: 23.50 degrees


**LATITUDE GRID DATA**
          x      dx    latitude(rad)  latitude(deg)
    0  -1.000   0.004     -1.571        -90.0
    1  -0.996   0.030     -1.484        -85.0
    2  -0.966   0.060     -1.309        -75.0
    3  -0.906   0.087     -1.134        -65.0
    4  -0.819   0.112     -0.960        -55.0
    5  -0.707   0.134     -0.785        -45.0
    6  -0.574   0.151     -0.611        -35.0
    7  -0.423   0.164     -0.436        -25.0
    8  -0.259   0.172     -0.262        -15.0
    9  -0.087   0.174     -0.087         -5.0
   10   0.087   0.172      0.087          5.0
   11   0.259   0.164      0.262         15.0
   12   0.423   0.151      0.436         25.0
   13   0.574   0.134      0.611         35.0
   14   0.707   0.112      0.785         45.0
   15   0.819   0.087      0.960         55.0
   16   0.906   0.060      1.134         65.0
   17   0.966   0.030      1.309         75.0
   18   0.996   0.004      1.484         85.0
   19   1.000   0.000      1.571         90.0

SUMMARY
   planet average temperature = 272.859 Kelvin
   planet average albedo =   0.228
   planet average insolation =  86.677 Watts/m^2
   planet average outgoing infrared =  68.233 Watts/m^2
   seasonal-average weathering rate =  0.00000E+00 g/year
   co2 partial pressure =  1.14946E+01 bars
   surface water vapor % (by volume) =   0.025
   total surface pressure =  1.24980E+01 bars
   thermal diffusion coefficient (D) =  2.94127E+00 Watts/m^2 K
   convergence to final temperature profile in  1.10385E+09 seconds
   calculation completed after  60 orbits

ZONAL STATISTICS
 latitude(deg)  ave temp(K)  min temp(K)  @dec(deg)  max temp(K)  @dec(deg)  seas.amp(K)

OUTPUT FILES
    -85.          271.090      270.303      -4.34      271.802       0.07        0.749
    -75.          271.194      270.452      -4.14      271.921       0.07        0.735
    -65.          271.486      270.810      -2.57      272.202       0.07        0.696
    -55.          271.916      271.300      -0.78      272.583       0.07        0.642
    -45.          272.405      271.860       0.81      273.000       0.07        0.570
    -35.          272.885      272.432       2.20      273.385       0.07        0.476
    -25.          273.298      272.957       3.65      273.687       0.07        0.365
    -15.          273.600      273.384       5.48      273.863       1.59        0.240
     -5.          273.761      273.678       9.45      273.889       7.70        0.105
      5.          273.761      273.630      -9.47      273.840      -7.68        0.105
     15.          273.600      273.336      -5.49      273.814      -1.57        0.239
     25.          273.299      272.909      -3.60      273.639       0.75        0.365
     35.          272.884      272.384      -2.22      273.339       2.00        0.477
     45.          272.404      271.812      -0.83      272.957       2.93        0.572
     55.          271.914      271.252       0.03      272.546       3.91        0.647
     65.          271.486      270.766       0.03      272.175       5.28        0.705
     75.          271.194      270.416       0.03      271.919       7.52        0.751
     85.          271.090      270.275       0.03      271.835       9.21        0.780

ICE LINES (Tave = 263K)
   planet is ice-free.

CO2 CONDENSATION
  planet average co2 ice coverage = *****

GEOGRAPHIC DATA
planet ocean fraction: 1.0
coast latitude:   0.0
geography: 4
number of belts: 18
  latitude of belt center  belt ocean fraction
           -85.0                   1.000
           -75.0                   1.000
           -65.0                   1.000
           -55.0                   1.000
           -45.0                   1.000
           -35.0                   1.000
           -25.0                   1.000
           -15.0                   1.000
            -5.0                   1.000
             5.0                   1.000
            15.0                   1.000
            25.0                   1.000
            35.0                   1.000
            45.0                   1.000
            55.0                   1.000
            65.0                   1.000
            75.0                   1.000
            85.0                   1.000
