
OBLIQUITY: 23.50 degrees


**LATITUDE GRID DATA**
          x      dx    latitude(rad)  latitude(deg)
    0  -1.000   0.004     -1.571        -90.0
    1  -0.996   0.030     -1.484        -85.0
    2  -0.966   0.060     -1.309        -75.0
    3  -0.906   0.087     -1.134        -65.0
    4  -0.819   0.112     -0.960        -55.0
    5  -0.707   0.134     -0.785        -45.0
    6  -0.574   0.151     -0.611        -35.0
    7  -0.423   0.164     -0.436        -25.0
    8  -0.259   0.172     -0.262        -15.0
    9  -0.087   0.174     -0.087         -5.0
   10   0.087   0.172      0.087          5.0
   11   0.259   0.164      0.262         15.0
   12   0.423   0.151      0.436         25.0
   13   0.574   0.134      0.611         35.0
   14   0.707   0.112      0.785         45.0
   15   0.819   0.087      0.960         55.0
   16   0.906   0.060      1.134         65.0
   17   0.966   0.030      1.309         75.0
   18   0.996   0.004      1.484         85.0
   19   1.000   0.000      1.571         90.0

SUMMARY
   planet average temperature = 284.942 Kelvin
   planet average albedo =   0.135
   planet average insolation = 111.604 Watts/m^2
   planet average outgoing infrared =  93.769 Watts/m^2
   seasonal-average weathering rate =  3.43883E-20 g/year
   co2 partial pressure =  3.83291E+00 bars
   surface water vapor % (by volume) =   0.387
   total surface pressure =  4.85156E+00 bars
   thermal diffusion coefficient (D) =  1.14147E-01 Watts/m^2 K
   convergence to final temperature profile in  7.75248E+08 seconds
   calculation completed after 123 orbits

ZONAL STATISTICS
 latitude(deg)  ave temp(K)  min temp(K)  @dec(deg)  max temp(K)  @dec(deg)  seas.amp(K)

OUTPUT FILES
    -85.          243.507      240.791      -6.38      246.104      -8.61        2.657
    -75.          246.053      243.856      -4.90      248.193      -6.67        2.169
    -65.          253.127      251.799      -2.02      254.452      -3.30        1.327
    -55.          263.295      262.893      -1.90      263.645       0.01        0.376
    -45.          274.605      274.343       0.37      274.917       0.01        0.287
    -35.          285.743      285.519       2.18      286.020       0.01        0.250
    -25.          295.214      295.042       4.03      295.438       0.01        0.198
    -15.          301.965      301.852       6.99      302.124       0.01        0.136
     -5.          305.422      305.370      13.52      305.512       0.01        0.071
      5.          305.424      305.336       0.06      305.477     -16.07        0.071
     15.          301.972      301.810       0.06      302.081      -8.77        0.136
     25.          295.224      294.999       0.06      295.395      -5.30        0.198
     35.          285.752      285.477       0.06      285.978      -3.18        0.250
     45.          274.616      274.305       0.06      274.879      -1.44        0.287
     55.          263.303      262.843       1.81      263.621      -0.74        0.389
     65.          253.135      251.766       2.04      254.425       3.28        1.329
     75.          246.062      243.823       4.93      248.167       6.70        2.172
     85.          243.517      240.757       6.40      246.078       8.59        2.661

ICE LINES (Tave = 263K)
  ice-line latitude = -55.1 degrees.
  ice-line latitude =  55.2 degrees.

CO2 CONDENSATION
  planet average co2 ice coverage = *****

GEOGRAPHIC DATA
planet ocean fraction: 1.0
coast latitude:   0.0
geography: 4
number of belts: 18
  latitude of belt center  belt ocean fraction
           -85.0                   1.000
           -75.0                   1.000
           -65.0                   1.000
           -55.0                   1.000
           -45.0                   1.000
           -35.0                   1.000
           -25.0                   1.000
           -15.0                   1.000
            -5.0                   1.000
             5.0                   1.000
            15.0                   1.000
            25.0                   1.000
            35.0                   1.000
            45.0                   1.000
            55.0                   1.000
            65.0                   1.000
            75.0                   1.000
            85.0                   1.000
