
OBLIQUITY: 23.50 degrees


**LATITUDE GRID DATA**
          x      dx    latitude(rad)  latitude(deg)
    0  -1.000   0.004     -1.571        -90.0
    1  -0.996   0.030     -1.484        -85.0
    2  -0.966   0.060     -1.309        -75.0
    3  -0.906   0.087     -1.134        -65.0
    4  -0.819   0.112     -0.960        -55.0
    5  -0.707   0.134     -0.785        -45.0
    6  -0.574   0.151     -0.611        -35.0
    7  -0.423   0.164     -0.436        -25.0
    8  -0.259   0.172     -0.262        -15.0
    9  -0.087   0.174     -0.087         -5.0
   10   0.087   0.172      0.087          5.0
   11   0.259   0.164      0.262         15.0
   12   0.423   0.151      0.436         25.0
   13   0.574   0.134      0.611         35.0
   14   0.707   0.112      0.785         45.0
   15   0.819   0.087      0.960         55.0
   16   0.906   0.060      1.134         65.0
   17   0.966   0.030      1.309         75.0
   18   0.996   0.004      1.484         85.0
   19   1.000   0.000      1.571         90.0

SUMMARY
   planet average temperature = 279.182 Kelvin
   planet average albedo =   0.171
   planet average insolation =  78.357 Watts/m^2
   planet average outgoing infrared =  67.893 Watts/m^2
   seasonal-average weathering rate =  0.00000E+00 g/year
   co2 partial pressure =  1.54795E+01 bars
   surface water vapor % (by volume) =   0.033
   total surface pressure =  1.64853E+01 bars
   thermal diffusion coefficient (D) =  3.81681E+00 Watts/m^2 K
   convergence to final temperature profile in  6.65626E+07 seconds
   calculation completed after   9 orbits

ZONAL STATISTICS
 latitude(deg)  ave temp(K)  min temp(K)  @dec(deg)  max temp(K)  @dec(deg)  seas.amp(K)

OUTPUT FILES
    -85.          277.435      277.109      -3.83      277.839      -7.98        0.365
    -75.          277.532      277.228      -2.79      277.918      -5.69        0.345
    -65.          277.804      277.525      -0.71      278.155      -3.19        0.315
    -55.          278.206      277.947       0.33      278.501      -2.16        0.277
    -45.          278.669      278.438       0.63      278.897      -1.86        0.230
    -35.          279.130      278.936       0.48      279.366       0.15        0.215
    -25.          279.534      279.387      -0.41      279.766       0.15        0.189
    -15.          279.839      279.744      -2.50      280.048       0.15        0.152
     -5.          280.009      279.924       0.08      280.179       0.15        0.127
      5.          280.030      279.881       0.08      280.143       0.15        0.131
     15.          279.901      279.702       0.08      279.991       5.51        0.144
     25.          279.638      279.402       0.08      279.783       3.46        0.191
     35.          279.270      279.013       0.08      279.466       2.57        0.227
     45.          278.841      278.575       0.08      279.080       2.12        0.253
     55.          278.405      278.119       0.15      278.679       2.12        0.280
     65.          278.023      277.678       0.15      278.325       3.01        0.323
     75.          277.763      277.367       1.94      278.081       5.36        0.357
     85.          277.671      277.244       3.27      277.999       7.81        0.378

ICE LINES (Tave = 263K)
   planet is ice-free.

CO2 CONDENSATION
  planet average co2 ice coverage = 3.000

GEOGRAPHIC DATA
planet ocean fraction: 1.0
coast latitude:   0.0
geography: 4
number of belts: 18
  latitude of belt center  belt ocean fraction
           -85.0                   1.000
           -75.0                   1.000
           -65.0                   1.000
           -55.0                   1.000
           -45.0                   1.000
           -35.0                   1.000
           -25.0                   1.000
           -15.0                   1.000
            -5.0                   1.000
             5.0                   1.000
            15.0                   1.000
            25.0                   1.000
            35.0                   1.000
            45.0                   1.000
            55.0                   1.000
            65.0                   1.000
            75.0                   1.000
            85.0                   1.000
